  Actor.cpp
  Body.cpp
  Bullet.cpp
  Camera.cpp
C:\Users\popho\Documents\GitHub\Midstone-Project\Midstone\ComponentFramework\Texture.h(3,10): error C1083: Cannot open include file: 'glew.h': No such file or directory
  (compiling source file 'Actor.cpp')
  
C:\Users\popho\Documents\GitHub\Midstone-Project\Midstone\ComponentFramework\Body.h(3,10): error C1083: Cannot open include file: 'Vector.h': No such file or directory
  (compiling source file 'Body.cpp')
  
C:\Users\popho\Documents\GitHub\Midstone-Project\Midstone\ComponentFramework\Texture.h(3,10): error C1083: Cannot open include file: 'glew.h': No such file or directory
  (compiling source file 'Bullet.cpp')
  
C:\Users\popho\Documents\GitHub\Midstone-Project\Midstone\ComponentFramework\Camera.h(2,10): error C1083: Cannot open include file: 'Vector.h': No such file or directory
  (compiling source file 'Camera.cpp')
  
  Debug.cpp
  EnemyShip.cpp
C:\Users\popho\Documents\GitHub\Midstone-Project\Midstone\ComponentFramework\Texture.h(3,10): error C1083: Cannot open include file: 'glew.h': No such file or directory
  (compiling source file 'EnemyShip.cpp')
  
  FriendlyShip.cpp
C:\Users\popho\Documents\GitHub\Midstone-Project\Midstone\ComponentFramework\Texture.h(3,10): error C1083: Cannot open include file: 'glew.h': No such file or directory
  (compiling source file 'FriendlyShip.cpp')
  
  Mesh.cpp
C:\Users\popho\Documents\GitHub\Midstone-Project\Midstone\ComponentFramework\Mesh.h(3,10): error C1083: Cannot open include file: 'glew.h': No such file or directory
  (compiling source file 'Mesh.cpp')
  
  Model.cpp
C:\Users\popho\Documents\GitHub\Midstone-Project\Midstone\ComponentFramework\Texture.h(3,10): error C1083: Cannot open include file: 'glew.h': No such file or directory
  (compiling source file 'Model.cpp')
  
  Planet.cpp
C:\Users\popho\Documents\GitHub\Midstone-Project\Midstone\ComponentFramework\Texture.h(3,10): error C1083: Cannot open include file: 'glew.h': No such file or directory
  (compiling source file 'Planet.cpp')
  
  PlayerController.cpp
C:\Users\popho\Documents\GitHub\Midstone-Project\Midstone\ComponentFramework\Camera.h(2,10): error C1083: Cannot open include file: 'Vector.h': No such file or directory
  (compiling source file 'PlayerController.cpp')
  
  Scene0p.cpp
C:\Users\popho\Documents\GitHub\Midstone-Project\Midstone\ComponentFramework\Scene0p.cpp(1,10): error C1083: Cannot open include file: 'glew.h': No such file or directory
  SceneManager.cpp
C:\Users\popho\Documents\GitHub\Midstone-Project\Midstone\ComponentFramework\SceneManager.cpp(1,10): error C1083: Cannot open include file: 'SDL.h': No such file or directory
  Main.cpp
C:\Users\popho\Documents\GitHub\Midstone-Project\Midstone\ComponentFramework\Main.cpp(11,30): error C2338: static_assert failed: 'This program is not ready for 64-bit build'
  Scene0g.cpp
C:\Users\popho\Documents\GitHub\Midstone-Project\Midstone\ComponentFramework\Scene0g.cpp(1,10): error C1083: Cannot open include file: 'glew.h': No such file or directory
  Shader.cpp
C:\Users\popho\Documents\GitHub\Midstone-Project\Midstone\ComponentFramework\Shader.h(3,10): error C1083: Cannot open include file: 'glew.h': No such file or directory
  (compiling source file 'Shader.cpp')
  
  Ship.cpp
C:\Users\popho\Documents\GitHub\Midstone-Project\Midstone\ComponentFramework\Texture.h(3,10): error C1083: Cannot open include file: 'glew.h': No such file or directory
  (compiling source file 'Ship.cpp')
  
  ShipController.cpp
  SkyBox.cpp
C:\Users\popho\Documents\GitHub\Midstone-Project\Midstone\ComponentFramework\SkyBox.h(2,10): error C1083: Cannot open include file: 'glew.h': No such file or directory
  (compiling source file 'SkyBox.cpp')
  
  Texture.cpp
C:\Users\popho\Documents\GitHub\Midstone-Project\Midstone\ComponentFramework\Texture.h(3,10): error C1083: Cannot open include file: 'glew.h': No such file or directory
  (compiling source file 'Texture.cpp')
  
  Generating Code...
  Compiling...
  Timer.cpp
C:\Users\popho\Documents\GitHub\Midstone-Project\Midstone\ComponentFramework\Timer.h(3,10): error C1083: Cannot open include file: 'SDL.h': No such file or directory
  (compiling source file 'Timer.cpp')
  
  Trackball.cpp
C:\Users\popho\Documents\GitHub\Midstone-Project\Midstone\ComponentFramework\Trackball.cpp(1,10): error C1083: Cannot open include file: 'glew.h': No such file or directory
  Transform.cpp
C:\Users\popho\Documents\GitHub\Midstone-Project\Midstone\ComponentFramework\Transform.h(2,10): error C1083: Cannot open include file: 'Vector.h': No such file or directory
  (compiling source file 'Transform.cpp')
  
  Window.cpp
C:\Users\popho\Documents\GitHub\Midstone-Project\Midstone\ComponentFramework\Window.h(4,10): error C1083: Cannot open include file: 'SDL.h': No such file or directory
  (compiling source file 'Window.cpp')
  
  Generating Code...
